  Circle.cpp
C:\Users\Student\source\repos\APassigment\Driver\Circle.cpp(13,15): warning C4244: '=': conversion from 'float' to 'short', possible loss of data
C:\Users\Student\source\repos\APassigment\Driver\Circle.cpp(44,10): warning C4244: '*=': conversion from 'float' to 'short', possible loss of data
  Driver.cpp
C:\Users\Student\source\repos\APassigment\Driver\Driver.cpp(43,45): warning C4144: '!=': relational expression as switch expression
C:\Users\Student\source\repos\APassigment\Driver\Driver.cpp(75,8): error C2040: 'r': 'int' differs in levels of indirection from 'Rectangle *'
C:\Users\Student\source\repos\APassigment\Driver\Driver.cpp(60,3): error C2360: initialization of 'r' is skipped by 'case' label
C:\Users\Student\source\repos\APassigment\Driver\Driver.cpp(54): message : see declaration of 'r'
C:\Users\Student\source\repos\APassigment\Driver\Driver.cpp(60,3): error C2360: initialization of 'h' is skipped by 'case' label
C:\Users\Student\source\repos\APassigment\Driver\Driver.cpp(47): message : see declaration of 'h'
C:\Users\Student\source\repos\APassigment\Driver\Driver.cpp(60,3): error C2360: initialization of 'w' is skipped by 'case' label
C:\Users\Student\source\repos\APassigment\Driver\Driver.cpp(46): message : see declaration of 'w'
C:\Users\Student\source\repos\APassigment\Driver\Driver.cpp(71,3): error C2360: initialization of 's' is skipped by 'case' label
C:\Users\Student\source\repos\APassigment\Driver\Driver.cpp(66): message : see declaration of 's'
C:\Users\Student\source\repos\APassigment\Driver\Driver.cpp(71,3): error C2360: initialization of 'e' is skipped by 'case' label
C:\Users\Student\source\repos\APassigment\Driver\Driver.cpp(64): message : see declaration of 'e'
C:\Users\Student\source\repos\APassigment\Driver\Driver.cpp(71,3): error C2360: initialization of 'r' is skipped by 'case' label
C:\Users\Student\source\repos\APassigment\Driver\Driver.cpp(54): message : see declaration of 'r'
C:\Users\Student\source\repos\APassigment\Driver\Driver.cpp(71,3): error C2360: initialization of 'h' is skipped by 'case' label
C:\Users\Student\source\repos\APassigment\Driver\Driver.cpp(47): message : see declaration of 'h'
C:\Users\Student\source\repos\APassigment\Driver\Driver.cpp(71,3): error C2360: initialization of 'w' is skipped by 'case' label
C:\Users\Student\source\repos\APassigment\Driver\Driver.cpp(46): message : see declaration of 'w'
C:\Users\Student\source\repos\APassigment\Driver\Driver.cpp(82,3): error C2360: initialization of 'c' is skipped by 'case' label
C:\Users\Student\source\repos\APassigment\Driver\Driver.cpp(77): message : see declaration of 'c'
C:\Users\Student\source\repos\APassigment\Driver\Driver.cpp(82,3): error C2360: initialization of 'r' is skipped by 'case' label
C:\Users\Student\source\repos\APassigment\Driver\Driver.cpp(75): message : see declaration of 'r'
C:\Users\Student\source\repos\APassigment\Driver\Driver.cpp(82,3): error C2360: initialization of 's' is skipped by 'case' label
C:\Users\Student\source\repos\APassigment\Driver\Driver.cpp(66): message : see declaration of 's'
C:\Users\Student\source\repos\APassigment\Driver\Driver.cpp(82,3): error C2360: initialization of 'e' is skipped by 'case' label
C:\Users\Student\source\repos\APassigment\Driver\Driver.cpp(64): message : see declaration of 'e'
C:\Users\Student\source\repos\APassigment\Driver\Driver.cpp(82,3): error C2360: initialization of 'h' is skipped by 'case' label
C:\Users\Student\source\repos\APassigment\Driver\Driver.cpp(47): message : see declaration of 'h'
C:\Users\Student\source\repos\APassigment\Driver\Driver.cpp(82,3): error C2360: initialization of 'w' is skipped by 'case' label
C:\Users\Student\source\repos\APassigment\Driver\Driver.cpp(46): message : see declaration of 'w'
C:\Users\Student\source\repos\APassigment\Driver\Driver.cpp(86,3): error C2360: initialization of 'c' is skipped by 'case' label
C:\Users\Student\source\repos\APassigment\Driver\Driver.cpp(77): message : see declaration of 'c'
C:\Users\Student\source\repos\APassigment\Driver\Driver.cpp(86,3): error C2360: initialization of 'r' is skipped by 'case' label
C:\Users\Student\source\repos\APassigment\Driver\Driver.cpp(75): message : see declaration of 'r'
C:\Users\Student\source\repos\APassigment\Driver\Driver.cpp(86,3): error C2360: initialization of 's' is skipped by 'case' label
C:\Users\Student\source\repos\APassigment\Driver\Driver.cpp(66): message : see declaration of 's'
C:\Users\Student\source\repos\APassigment\Driver\Driver.cpp(86,3): error C2360: initialization of 'e' is skipped by 'case' label
C:\Users\Student\source\repos\APassigment\Driver\Driver.cpp(64): message : see declaration of 'e'
C:\Users\Student\source\repos\APassigment\Driver\Driver.cpp(86,3): error C2360: initialization of 'h' is skipped by 'case' label
C:\Users\Student\source\repos\APassigment\Driver\Driver.cpp(47): message : see declaration of 'h'
C:\Users\Student\source\repos\APassigment\Driver\Driver.cpp(86,3): error C2360: initialization of 'w' is skipped by 'case' label
C:\Users\Student\source\repos\APassigment\Driver\Driver.cpp(46): message : see declaration of 'w'
C:\Users\Student\source\repos\APassigment\Driver\Driver.cpp(60,3): warning C4808: case '2' is not a valid value for switch condition of type 'bool'
C:\Users\Student\source\repos\APassigment\Driver\Driver.cpp(71,3): warning C4808: case '3' is not a valid value for switch condition of type 'bool'
C:\Users\Student\source\repos\APassigment\Driver\Driver.cpp(82,3): warning C4808: case '4' is not a valid value for switch condition of type 'bool'
C:\Users\Student\source\repos\APassigment\Driver\Driver.cpp(86,3): warning C4808: case '5' is not a valid value for switch condition of type 'bool'
  Rectangle.cpp
C:\Users\Student\source\repos\APassigment\Driver\Rectangle.cpp(11,121): warning C4244: 'argument': conversion from 'int' to 'float', possible loss of data
C:\Users\Student\source\repos\APassigment\Driver\Rectangle.cpp(11,113): warning C4244: 'argument': conversion from 'int' to 'float', possible loss of data
  Shape.cpp
  Square.cpp
C:\Users\Student\source\repos\APassigment\Driver\Square.cpp(10,94): warning C4244: 'argument': conversion from 'int' to 'float', possible loss of data
  Generating Code...
